<?xml version="1.0" encoding="UTF-8"?>
<testsuite xmlns:xsi="http://www.w3.org/2001/XMLSchema-instance" xsi:noNamespaceSchemaLocation="https://maven.apache.org/surefire/maven-surefire-plugin/xsd/surefire-test-report-3.0.xsd" version="3.0" name="com.inklusport.gateway.controller.FallbackControllerTest" time="0.223" tests="4" errors="0" skipped="0" failures="0">
  <properties>
[...]
</properties>
  <testcase name="aiFallback_devuelve503" classname="com.inklusport.gateway.controller.FallbackControllerTest" time="0.186"/>
  <testcase name="usersFallback_devuelve503" classname="com.inklusport.gateway.controller.FallbackControllerTest" time="0.003"/>
  <testcase name="authFallback_devuelve503" classname="com.inklusport.gateway.controller.FallbackControllerTest" time="0.003"/>
  <testcase name="sportsFallback_devuelve503" classname="com.inklusport.gateway.controller.FallbackControllerTest" time="0.002"/>
</testsuite>